Not searching for unused variables given on the command line.
[36m--[0m The C compiler identification is GNU 5.4.0
[36m--[0m The CXX compiler identification is GNU 5.4.0
[36m--[0m Check for working C compiler: /usr/bin/cc
[36m--[0m Check for working C compiler: /usr/bin/cc -- works
[36m--[0m Detecting C compiler ABI info
[36m--[0m Detecting C compiler ABI info - done
[36m--[0m Detecting C compile features
[36m--[0m Detecting C compile features - done
[36m--[0m Check for working CXX compiler: /usr/bin/c++
[36m--[0m Check for working CXX compiler: /usr/bin/c++ -- works
[36m--[0m Detecting CXX compiler ABI info
[36m--[0m Detecting CXX compiler ABI info - done
[36m--[0m Detecting CXX compile features
[36m--[0m Detecting CXX compile features - done
[36m--[0m Using CATKIN_DEVEL_PREFIX: /home/oligay_61/zone3/devel/.private/displaydata_msgs
[36m--[0m Using CMAKE_PREFIX_PATH: /home/oligay_61/zone3/devel;/opt/ros/kinetic
[36m--[0m This workspace overlays: /home/oligay_61/zone3/devel;/opt/ros/kinetic
[36m--[0m Found PythonInterp: /usr/bin/python2 (found suitable version "2.7.12", minimum required is "2")
[36m--[0m Using PYTHON_EXECUTABLE: /usr/bin/python2
[36m--[0m Using Debian Python package layout
[36m--[0m Using empy: /usr/bin/empy
[36m--[0m Using CATKIN_ENABLE_TESTING: ON
[36m--[0m Call enable_testing()
[36m--[0m Using CATKIN_TEST_RESULTS_DIR: /home/oligay_61/zone3/build/displaydata_msgs/test_results
[36m--[0m Found gtest sources under '/usr/src/gmock': gtests will be built
[36m--[0m Found gmock sources under '/usr/src/gmock': gmock will be built
[36m--[0m Found PythonInterp: /usr/bin/python2 (found version "2.7.12")
[36m--[0m Looking for pthread.h
[36m--[0m Looking for pthread.h - found
[36m--[0m Looking for pthread_create
[36m--[0m Looking for pthread_create - not found
[36m--[0m Looking for pthread_create in pthreads
[36m--[0m Looking for pthread_create in pthreads - not found
[36m--[0m Looking for pthread_create in pthread
[36m--[0m Looking for pthread_create in pthread - found
[36m--[0m Found Threads: TRUE
[36m--[0m Using Python nosetests: /usr/bin/nosetests-2.7
[36m--[0m catkin 0.7.29
[36m--[0m BUILD_SHARED_LIBS is on
[36m--[0m Using these message generators: gencpp;geneus;genlisp;gennodejs;genpy
/opt/ros/kinetic/share/genmsg/cmake/pkg-genmsg.cmake.em:56: error: <class 'genmsg.base.InvalidMsgSpec'>: /home/oligay_61/zone3/src/message/displaydata_msgs/msg/DisplayData.msg: Duplicate field names in message: ['header', 'rtk_state', 'lat', 'lng', 'alt', 'latlng_std', 'x_enu', 'y_enu', 'z_enu', 'xy_std_enu', 'speed', 'headingangle', 'current_steer', 'current_brake_pedal_pos', 'current_throttle_percentage', 'current_retarder_torque_percentage', 'current_EPB', 'current_gear', 'current_hangangle', 'auto_mode', 'left_light', 'right_light', 'near_light', 'far_light', 'air_beep', 'top_warning_light', 'front_fog_light', 'front_work_light', 'side_light', 'position_light', 'back_left_light', 'back_right_light', 'back_position_light', 'brake_light', 'reverse_light', 'back_work_light', 'control_steer', 'control_throttle_percentage', 'control_xbr', 'control_EPB', 'control_gear', 'control_hang', 'control_fsm_state', 'left', 'right', 'near', 'far', 'top_warn', 'air_beep', 'front_fog', 'front_work', 'side', 'position', 'emergency', 'brake', 'reverse', 'back_work', 'target_x', 'target_y', 'NumSate', 'engine_fault', 'gear_fault', 'EBS_fault', 'EPS_fault', 'EPB_fault', 'truck_fault_level', 'engine_fault_code', 'gear_fault_code', 'EPS_fault_code', 'EBS_fault_code', 'electric_fault_code', 'tyre_pressure_leftfront', 'tyre_pressure_rightfront', 'front_left_temperature', 'front_right_temperature']
Traceback (most recent call last):
  File "/usr/bin/empy", line 3302, in <module>
    if __name__ == '__main__': main()
  File "/usr/bin/empy", line 3300, in main
    invoke(sys.argv[1:])
  File "/usr/bin/empy", line 3283, in invoke
    interpreter.wrap(interpreter.file, (file, name))
  File "/usr/bin/empy", line 2295, in wrap
    self.fail(e)
  File "/usr/bin/empy", line 2284, in wrap
    callable(*args)
  File "/usr/bin/empy", line 2359, in file
    self.safe(scanner, done, locals)
  File "/usr/bin/empy", line 2401, in safe
    self.parse(scanner, locals)
  File "/usr/bin/empy", line 2421, in parse
    token.run(self, locals)
  File "/usr/bin/empy", line 1425, in run
    interpreter.execute(self.code, locals)
  File "/usr/bin/empy", line 2595, in execute
    _exec(statements, self.globals, locals)
  File "/usr/bin/empy", line 42, in _exec
    exec("""exec code in globals""")
  File "<string>", line 1, in <module>
  File "<string>", line 38, in <module>
  File "/opt/ros/kinetic/lib/python2.7/dist-packages/genmsg/deps.py", line 45, in find_msg_dependencies_with_type
    spec = genmsg.msg_loader.load_msg_from_file(msg_context, msg_file, full_type_name)
  File "/opt/ros/kinetic/lib/python2.7/dist-packages/genmsg/msg_loader.py", line 289, in load_msg_from_file
    raise InvalidMsgSpec('%s: %s'%(file_path, e))
genmsg.base.InvalidMsgSpec: /home/oligay_61/zone3/src/message/displaydata_msgs/msg/DisplayData.msg: Duplicate field names in message: ['header', 'rtk_state', 'lat', 'lng', 'alt', 'latlng_std', 'x_enu', 'y_enu', 'z_enu', 'xy_std_enu', 'speed', 'headingangle', 'current_steer', 'current_brake_pedal_pos', 'current_throttle_percentage', 'current_retarder_torque_percentage', 'current_EPB', 'current_gear', 'current_hangangle', 'auto_mode', 'left_light', 'right_light', 'near_light', 'far_light', 'air_beep', 'top_warning_light', 'front_fog_light', 'front_work_light', 'side_light', 'position_light', 'back_left_light', 'back_right_light', 'back_position_light', 'brake_light', 'reverse_light', 'back_work_light', 'control_steer', 'control_throttle_percentage', 'control_xbr', 'control_EPB', 'control_gear', 'control_hang', 'control_fsm_state', 'left', 'right', 'near', 'far', 'top_warn', 'air_beep', 'front_fog', 'front_work', 'side', 'position', 'emergency', 'brake', 'reverse', 'back_work', 'target_x', 'target_y', 'NumSate', 'engine_fault', 'gear_fault', 'EBS_fault', 'EPS_fault', 'EPB_fault', 'truck_fault_level', 'engine_fault_code', 'gear_fault_code', 'EPS_fault_code', 'EBS_fault_code', 'electric_fault_code', 'tyre_pressure_leftfront', 'tyre_pressure_rightfront', 'front_left_temperature', 'front_right_temperature']
[31m[1mCMake Error[0m at /opt/ros/kinetic/share/catkin/cmake/safe_execute_process.cmake:11 (message):

  execute_process(/home/oligay_61/zone3/build/displaydata_msgs/catkin_generated/env_cached.sh
  "/usr/bin/python2" "/usr/bin/empy" "--raw-errors" "-F"
  "/home/oligay_61/zone3/build/displaydata_msgs/cmake/displaydata_msgs-genmsg-context.py"
  "-o"
  "/home/oligay_61/zone3/build/displaydata_msgs/cmake/displaydata_msgs-genmsg.cmake"
  "/opt/ros/kinetic/share/genmsg/cmake/pkg-genmsg.cmake.em") returned error
  code 1
[36mCall Stack (most recent call first):[0m
  /opt/ros/kinetic/share/catkin/cmake/em_expand.cmake:25 (safe_execute_process)
  /opt/ros/kinetic/share/genmsg/cmake/genmsg-extras.cmake:303 (em_expand)
  CMakeLists.txt:13 (generate_messages)


[36m--[0m Configuring incomplete, errors occurred!
See also "/home/oligay_61/zone3/build/displaydata_msgs/CMakeFiles/CMakeOutput.log".
See also "/home/oligay_61/zone3/build/displaydata_msgs/CMakeFiles/CMakeError.log".
